2007-10-05 16:23:05 Notice: Notice (8): Undefined property:  View::$webrootroot in [CORE/simpleflan/views/layouts/admin.ctp, line 38]
2007-10-05 16:38:51 Notice: Notice (8): Use of undefined constant APP_ROOT - assumed 'APP_ROOT' in [CORE/simpleflan/views/helpers/imager.php, line 28]
2007-10-05 16:38:51 Notice: Notice (8): Undefined index:  Product in [CORE/simpleflan/views/projects/admin_view.ctp, line 56]
2007-10-05 16:39:41 Notice: Notice (8): Undefined index:  Product in [CORE/simpleflan/views/projects/admin_view.ctp, line 56]
2007-10-05 17:08:13 Notice: Notice (8): Undefined variable: clientId in [CORE/simpleflan/views/projects/admin_add.ctp, line 2]
2007-10-05 17:08:13 Notice: Notice (8): Undefined index:   in [CORE/simpleflan/views/projects/admin_add.ctp, line 2]
2007-10-05 18:04:32 Notice: Notice (8): Undefined index:  Image in [CORE/simpleflan/views/projects/admin_index.ctp, line 24]
2007-10-05 18:05:11 Notice: Notice (8): Undefined variable: poject in [CORE/simpleflan/views/projects/admin_index.ctp, line 22]
2007-10-05 18:05:11 Notice: Notice (8): Undefined index:  Image in [CORE/simpleflan/views/projects/admin_index.ctp, line 25]
2007-10-05 18:05:18 Notice: Notice (8): Undefined index:  Image in [CORE/simpleflan/views/projects/admin_index.ctp, line 25]
2007-10-05 18:49:43 Notice: Notice (8): Undefined offset:  0 in [CORE/simpleflan/views/projects/admin_index.ctp, line 24]
2007-10-05 18:55:26 Notice: Notice (8): Undefined offset:  0 in [CORE/simpleflan/views/projects/admin_index.ctp, line 24]
2007-10-05 18:55:56 Notice: Notice (8): Undefined offset:  0 in [CORE/simpleflan/views/projects/admin_index.ctp, line 24]
2007-10-05 19:07:07 Notice: Notice (8): Undefined offset:  0 in [CORE/simpleflan/views/projects/admin_index.ctp, line 24]
2007-10-12 01:52:35 Notice: Notice (8): Undefined index:  format in [CORE/cake/libs/model/model.php, line 1008]
2007-10-12 01:52:35 Notice: Notice (8): Undefined index:  format in [CORE/cake/libs/model/model.php, line 1015]
2007-10-12 01:53:08 Notice: Notice (8): Undefined index:  format in [CORE/cake/libs/model/model.php, line 1008]
2007-10-12 01:53:08 Notice: Notice (8): Undefined index:  format in [CORE/cake/libs/model/model.php, line 1015]
2007-10-12 01:54:01 Notice: Notice (8): Undefined index:  format in [CORE/cake/libs/model/model.php, line 1008]
2007-10-12 01:54:01 Notice: Notice (8): Undefined index:  format in [CORE/cake/libs/model/model.php, line 1015]
2007-10-12 11:42:13 Notice: Notice (8): Undefined index:  image in [CORE/simpleflan/views/helpers/imager.php, line 27]
2007-10-12 11:42:13 Notice: Notice (8): Undefined index:  image in [CORE/simpleflan/views/helpers/imager.php, line 28]
2007-10-12 12:31:46 Notice: Notice (8): Undefined index:  name in [CORE/simpleflan/views/themed/vanilla/projects/index.ctp, line 7]
2007-10-12 12:31:46 Notice: Notice (8): Undefined index:  slug in [CORE/simpleflan/views/themed/vanilla/projects/index.ctp, line 7]
2007-10-12 12:32:10 Notice: Notice (8): Undefined index:  name in [CORE/simpleflan/views/themed/vanilla/projects/index.ctp, line 8]
2007-10-12 12:32:10 Notice: Notice (8): Undefined index:  slug in [CORE/simpleflan/views/themed/vanilla/projects/index.ctp, line 8]
2007-10-12 12:33:50 Notice: Notice (8): Undefined index:  tags in [CORE/simpleflan/models/behaviors/tag.php, line 53]
2007-10-12 12:39:28 Notice: Notice (8): Undefined index:  Image in [CORE/simpleflan/views/themed/vanilla/projects/index.ctp, line 9]
2007-10-12 12:39:57 Notice: Notice (8): Undefined index:  Image in [CORE/simpleflan/views/themed/vanilla/projects/index.ctp, line 9]
2007-10-12 12:41:18 Notice: Notice (8): Undefined variable: image in [CORE/simpleflan/views/themed/vanilla/projects/index.ctp, line 9]
2007-10-13 14:49:17 Notice: Notice (8): Array to string conversion in [CORE/cake/libs/router.php, line 252]
2007-10-13 14:49:18 Notice: Notice (8): Array to string conversion in [CORE/cake/libs/sanitize.php, line 57]
2007-10-13 14:50:24 Notice: Notice (8): Undefined variable: clients in [CORE/simpleflan/views/themed/vanilla/elements/random_quote.ctp, line 3]
2007-10-13 14:53:51 Notice: Notice (8): Undefined variable: client in [CORE/simpleflan/views/themed/vanilla/elements/random_quote.ctp, line 6]
2007-10-13 23:55:59 Notice: Notice (8): Undefined offset:  0 in [CORE/simpleflan/views/themed/vanilla/projects/index.ctp, line 9]
2007-10-14 00:20:36 Notice: Notice (8): Undefined property:  ClientsController::$Model in [CORE/simpleflan/controllers/clients_controller.php, line 125]
2007-10-14 00:20:50 Notice: Notice (8): Undefined property:  ClientsController::$model in [CORE/simpleflan/controllers/clients_controller.php, line 125]
2007-10-14 00:21:09 Notice: Notice (8): Undefined property:  ClientsController::$model in [CORE/simpleflan/controllers/clients_controller.php, line 125]
2007-10-14 00:21:21 Notice: Notice (8): Undefined property:  ClientsController::$model in [CORE/simpleflan/controllers/clients_controller.php, line 126]
2007-10-14 00:23:01 Notice: Notice (8): Undefined variable: modelNames in [CORE/simpleflan/controllers/clients_controller.php, line 126]
2007-10-14 01:27:15 Notice: Notice (8): Undefined index:  controller in [CORE/simpleflan/views/themed/vanilla/elements/navigation.ctp, line 33]
2007-10-15 15:46:13 Notice: Notice (8): Undefined variable: project in [CORE/simpleflan/views/themed/vanilla/pages/view.ctp, line 6]
2007-10-15 15:46:13 Notice: Notice (8): Undefined variable: project in [CORE/simpleflan/views/themed/vanilla/pages/view.ctp, line 11]
2007-10-15 15:46:13 Notice: Notice (8): Undefined variable: project in [CORE/simpleflan/views/themed/vanilla/pages/view.ctp, line 16]
2007-10-15 15:46:13 Notice: Notice (8): Undefined variable: project in [CORE/simpleflan/views/themed/vanilla/pages/view.ctp, line 21]
2007-10-15 15:46:13 Notice: Notice (8): Undefined variable: project in [CORE/simpleflan/views/themed/vanilla/pages/view.ctp, line 26]
2007-10-15 15:46:13 Notice: Notice (8): Undefined variable: project in [CORE/simpleflan/views/themed/vanilla/pages/view.ctp, line 31]
2007-10-15 15:46:13 Notice: Notice (8): Undefined variable: project in [CORE/simpleflan/views/themed/vanilla/pages/view.ctp, line 38]
2007-10-15 15:46:13 Notice: Notice (8): Undefined variable: project in [CORE/simpleflan/views/themed/vanilla/pages/view.ctp, line 39]
2007-10-15 15:46:54 Notice: Notice (8): Undefined variable: Page in [CORE/simpleflan/views/themed/vanilla/pages/view.ctp, line 2]
2007-10-15 15:47:02 Notice: Notice (8): Undefined variable: Pages in [CORE/simpleflan/views/themed/vanilla/pages/view.ctp, line 2]
2007-10-15 16:15:42 Notice: Notice (8): Undefined index:  name in [CORE/simpleflan/views/themed/vanilla/pages/view.ctp, line 2]
2007-10-15 16:16:58 Notice: Notice (8): Undefined variable: age in [CORE/simpleflan/views/themed/vanilla/pages/view.ctp, line 4]
2007-10-15 21:11:23 Notice: Notice (8): Undefined variable: categores in [CORE/simpleflan/views/themed/vanilla/categories/index.ctp, line 2]
2007-10-15 21:12:12 Notice: Notice (8): Undefined index:  id in [CORE/simpleflan/views/helpers/imager.php, line 87]
2007-10-15 21:12:12 Notice: Notice (8): Undefined index:  image in [CORE/simpleflan/views/helpers/imager.php, line 11]
2007-10-16 01:12:26 Notice: Notice (8): Undefined variable: categories in [CORE/simpleflan/views/themed/vanilla/clients/index.ctp, line 3]
2007-10-16 01:13:09 Notice: Notice (8): Undefined variable: cients in [CORE/simpleflan/views/themed/vanilla/clients/index.ctp, line 3]
2007-10-16 01:31:17 Notice: Notice (8): Use of undefined constant more - assumed 'more' in [CORE/simpleflan/views/themed/vanilla/clients/index.ctp, line 13]
2007-10-16 01:47:18 Notice: Notice (8): Undefined variable: client in [CORE/simpleflan/views/themed/vanilla/categories/index.ctp, line 13]
2007-10-16 01:47:28 Notice: Notice (8): Undefined variable: client in [CORE/simpleflan/views/themed/vanilla/categories/index.ctp, line 13]
2007-10-16 01:58:15 Notice: Notice (8): Undefined variable: id in [CORE/simpleflan/controllers/clients_controller.php, line 13]
2007-10-16 01:58:42 Notice: Notice (8): Undefined variable: id in [CORE/simpleflan/controllers/clients_controller.php, line 16]
2007-10-16 01:58:58 Notice: Notice (8): Undefined variable: id in [CORE/simpleflan/controllers/clients_controller.php, line 17]
2007-10-16 01:59:09 Notice: Notice (8): Undefined variable: id in [CORE/simpleflan/controllers/clients_controller.php, line 17]
2007-10-16 01:59:17 Notice: Notice (8): Undefined variable: id in [CORE/simpleflan/controllers/clients_controller.php, line 17]
2007-10-16 02:00:56 Notice: Notice (8): Undefined variable: clients in [CORE/simpleflan/views/themed/vanilla/clients/view.ctp, line 2]
2007-10-16 02:01:16 Notice: Notice (8): Undefined index:  tags in [CORE/simpleflan/models/behaviors/tag.php, line 53]
2007-10-16 02:06:30 Notice: Notice (8): Undefined property:  ThemeView::$renderElement in [CORE/simpleflan/views/themed/vanilla/clients/view.ctp, line 6]
2007-10-16 02:07:52 Notice: Notice (8): Undefined variable: project in [CORE/simpleflan/views/themed/vanilla/elements/list_projects.ctp, line 1]
2007-10-16 02:08:43 Notice: Notice (8): Undefined index:  Project in [CORE/simpleflan/views/themed/vanilla/elements/list_projects.ctp, line 9]
2007-10-16 02:08:43 Notice: Notice (8): Undefined index:  Project in [CORE/simpleflan/views/themed/vanilla/elements/list_projects.ctp, line 12]
2007-10-16 02:09:04 Notice: Notice (8): Undefined index:  Project in [CORE/simpleflan/views/themed/vanilla/elements/list_projects.ctp, line 10]
2007-10-16 02:09:04 Notice: Notice (8): Undefined index:  Project in [CORE/simpleflan/views/themed/vanilla/elements/list_projects.ctp, line 13]
2007-10-16 02:09:31 Notice: Notice (8): Undefined index:  Project in [CORE/simpleflan/views/themed/vanilla/elements/list_projects.ctp, line 10]
2007-10-16 02:26:06 Notice: Notice (8): Undefined variable: cateory in [CORE/simpleflan/views/themed/vanilla/categories/view.ctp, line 6]
2007-10-16 02:26:13 Notice: Notice (8): Undefined index:  Image in [CORE/simpleflan/views/themed/vanilla/elements/list_projects.ctp, line 10]
2007-10-16 02:30:26 Notice: Notice (8): Undefined index:  title in [CORE/simpleflan/views/themed/vanilla/elements/list_projects.ctp, line 22]
2007-10-16 02:30:26 Notice: Notice (8): Undefined index:  slug in [CORE/simpleflan/views/themed/vanilla/elements/list_projects.ctp, line 22]
2007-10-16 02:30:26 Notice: Notice (8): Undefined index:  description in [CORE/simpleflan/views/themed/vanilla/elements/list_projects.ctp, line 25]
2007-10-16 02:32:13 Notice: Notice (8): Undefined index:  Image in [CORE/simpleflan/views/themed/vanilla/elements/list_projects.ctp, line 11]
2007-10-16 02:33:06 Notice: Notice (8): Undefined index:  title in [CORE/simpleflan/views/themed/vanilla/elements/list_projects.ctp, line 23]
2007-10-16 02:33:06 Notice: Notice (8): Undefined index:  slug in [CORE/simpleflan/views/themed/vanilla/elements/list_projects.ctp, line 23]
2007-10-16 02:33:06 Notice: Notice (8): Undefined index:  description in [CORE/simpleflan/views/themed/vanilla/elements/list_projects.ctp, line 26]
2007-10-16 02:33:44 Notice: Notice (8): Undefined index:  Image in [CORE/simpleflan/views/themed/vanilla/elements/list_projects.ctp, line 11]
2007-10-16 02:33:44 Notice: Notice (8): Undefined index:  slug in [CORE/simpleflan/views/themed/vanilla/elements/list_projects.ctp, line 23]
2007-10-16 02:34:01 Notice: Notice (8): Undefined index:  title in [CORE/simpleflan/views/themed/vanilla/elements/list_projects.ctp, line 23]
2007-10-16 02:34:01 Notice: Notice (8): Undefined index:  slug in [CORE/simpleflan/views/themed/vanilla/elements/list_projects.ctp, line 23]
2007-10-16 02:34:01 Notice: Notice (8): Undefined index:  description in [CORE/simpleflan/views/themed/vanilla/elements/list_projects.ctp, line 26]
2007-10-17 00:38:55 Notice: Notice (8): Undefined variable: javascript in [CORE/simpleflan/views/themed/vanilla/layouts/default.ctp, line 40]
2007-10-17 00:43:21 Notice: Notice (8): Undefined variable: javascript in [CORE/simpleflan/views/themed/vanilla/layouts/default.ctp, line 40]
2007-10-17 00:43:21 Notice: Notice (8): Undefined variable: javascript in [CORE/simpleflan/views/themed/vanilla/layouts/default.ctp, line 40]
2007-10-17 00:43:21 Notice: Notice (8): Undefined variable: javascript in [CORE/simpleflan/views/themed/vanilla/layouts/default.ctp, line 40]
2007-10-17 00:43:22 Notice: Notice (8): Undefined variable: javascript in [CORE/simpleflan/views/themed/vanilla/layouts/default.ctp, line 40]
2007-10-17 00:44:57 Notice: Notice (8): Undefined variable: javascript in [CORE/simpleflan/views/themed/vanilla/layouts/default.ctp, line 40]
2007-10-17 00:44:57 Notice: Notice (8): Undefined variable: javascript in [CORE/simpleflan/views/themed/vanilla/layouts/default.ctp, line 40]
2007-10-17 00:44:57 Notice: Notice (8): Undefined variable: javascript in [CORE/simpleflan/views/themed/vanilla/layouts/default.ctp, line 40]
2007-10-17 00:44:58 Notice: Notice (8): Undefined variable: javascript in [CORE/simpleflan/views/themed/vanilla/layouts/default.ctp, line 40]
2007-10-17 00:44:59 Notice: Notice (8): Undefined variable: javascript in [CORE/simpleflan/views/themed/vanilla/layouts/default.ctp, line 40]
2007-10-17 00:44:59 Notice: Notice (8): Undefined variable: javascript in [CORE/simpleflan/views/themed/vanilla/layouts/default.ctp, line 40]
2007-10-17 00:45:00 Notice: Notice (8): Undefined variable: javascript in [CORE/simpleflan/views/themed/vanilla/layouts/default.ctp, line 40]
2007-10-17 00:45:03 Notice: Notice (8): Undefined variable: javascript in [CORE/simpleflan/views/themed/vanilla/layouts/default.ctp, line 40]
2007-10-17 00:45:03 Notice: Notice (8): Undefined variable: javascript in [CORE/simpleflan/views/themed/vanilla/layouts/default.ctp, line 40]
2007-10-17 00:45:03 Notice: Notice (8): Undefined variable: javascript in [CORE/simpleflan/views/themed/vanilla/layouts/default.ctp, line 40]
2007-10-17 00:45:04 Notice: Notice (8): Undefined variable: javascript in [CORE/simpleflan/views/themed/vanilla/layouts/default.ctp, line 40]
2007-10-17 00:45:04 Notice: Notice (8): Undefined variable: javascript in [CORE/simpleflan/views/themed/vanilla/layouts/default.ctp, line 40]
2007-10-17 00:45:04 Notice: Notice (8): Undefined variable: javascript in [CORE/simpleflan/views/themed/vanilla/layouts/default.ctp, line 40]
2007-10-17 00:45:06 Notice: Notice (8): Undefined variable: javascript in [CORE/simpleflan/views/themed/vanilla/layouts/default.ctp, line 40]
2007-10-17 00:45:06 Notice: Notice (8): Undefined variable: javascript in [CORE/simpleflan/views/themed/vanilla/layouts/default.ctp, line 40]
2007-10-17 00:45:06 Notice: Notice (8): Undefined variable: javascript in [CORE/simpleflan/views/themed/vanilla/layouts/default.ctp, line 40]
2007-10-17 00:45:09 Notice: Notice (8): Undefined variable: javascript in [CORE/simpleflan/views/themed/vanilla/layouts/default.ctp, line 40]
2007-10-17 00:45:09 Notice: Notice (8): Undefined variable: javascript in [CORE/simpleflan/views/themed/vanilla/layouts/default.ctp, line 40]
2007-10-17 00:45:09 Notice: Notice (8): Undefined variable: javascript in [CORE/simpleflan/views/themed/vanilla/layouts/default.ctp, line 40]
2007-10-17 00:45:11 Notice: Notice (8): Undefined variable: javascript in [CORE/simpleflan/views/themed/vanilla/layouts/default.ctp, line 40]
2007-10-17 00:47:40 Notice: Notice (8): Undefined variable: javascript in [CORE/simpleflan/views/themed/vanilla/layouts/default.ctp, line 40]
2007-10-17 00:47:40 Notice: Notice (8): Undefined variable: javascript in [CORE/simpleflan/views/themed/vanilla/layouts/default.ctp, line 40]
2007-10-17 00:47:40 Notice: Notice (8): Undefined variable: javascript in [CORE/simpleflan/views/themed/vanilla/layouts/default.ctp, line 40]
2007-10-17 00:48:18 Notice: Notice (8): Undefined variable: javascript in [CORE/simpleflan/views/themed/vanilla/layouts/default.ctp, line 40]
2007-10-17 00:48:18 Notice: Notice (8): Undefined variable: javascript in [CORE/simpleflan/views/themed/vanilla/layouts/default.ctp, line 40]
2007-10-17 00:48:18 Notice: Notice (8): Undefined variable: javascript in [CORE/simpleflan/views/themed/vanilla/layouts/default.ctp, line 40]
2007-10-17 00:48:23 Notice: Notice (8): Undefined variable: javascript in [CORE/simpleflan/views/themed/vanilla/layouts/default.ctp, line 40]
2007-10-17 00:48:24 Notice: Notice (8): Undefined variable: javascript in [CORE/simpleflan/views/themed/vanilla/layouts/default.ctp, line 40]
2007-10-17 00:48:24 Notice: Notice (8): Undefined variable: javascript in [CORE/simpleflan/views/themed/vanilla/layouts/default.ctp, line 40]
2007-10-17 00:48:35 Notice: Notice (8): Undefined variable: javascript in [CORE/simpleflan/views/themed/vanilla/layouts/default.ctp, line 40]
2007-10-17 00:48:35 Notice: Notice (8): Undefined variable: javascript in [CORE/simpleflan/views/themed/vanilla/layouts/default.ctp, line 40]
2007-10-17 00:48:35 Notice: Notice (8): Undefined variable: javascript in [CORE/simpleflan/views/themed/vanilla/layouts/default.ctp, line 40]
2007-10-17 00:48:37 Notice: Notice (8): Undefined variable: javascript in [CORE/simpleflan/views/themed/vanilla/layouts/default.ctp, line 40]
2007-10-17 00:48:37 Notice: Notice (8): Undefined variable: javascript in [CORE/simpleflan/views/themed/vanilla/layouts/default.ctp, line 40]
2007-10-17 00:48:41 Notice: Notice (8): Undefined variable: javascript in [CORE/simpleflan/views/themed/vanilla/layouts/default.ctp, line 40]
2007-10-17 00:48:41 Notice: Notice (8): Undefined variable: javascript in [CORE/simpleflan/views/themed/vanilla/layouts/default.ctp, line 40]
2007-10-17 00:48:41 Notice: Notice (8): Undefined variable: javascript in [CORE/simpleflan/views/themed/vanilla/layouts/default.ctp, line 40]
2007-10-17 00:48:43 Notice: Notice (8): Undefined variable: javascript in [CORE/simpleflan/views/themed/vanilla/layouts/default.ctp, line 40]
2007-10-17 00:48:43 Notice: Notice (8): Undefined variable: javascript in [CORE/simpleflan/views/themed/vanilla/layouts/default.ctp, line 40]
2007-10-17 00:48:44 Notice: Notice (8): Undefined variable: javascript in [CORE/simpleflan/views/themed/vanilla/layouts/default.ctp, line 40]
2007-10-17 00:48:45 Notice: Notice (8): Undefined variable: javascript in [CORE/simpleflan/views/themed/vanilla/layouts/default.ctp, line 40]
2007-10-17 00:48:45 Notice: Notice (8): Undefined variable: javascript in [CORE/simpleflan/views/themed/vanilla/layouts/default.ctp, line 40]
2007-10-17 00:48:45 Notice: Notice (8): Undefined variable: javascript in [CORE/simpleflan/views/themed/vanilla/layouts/default.ctp, line 40]
2007-10-17 00:48:46 Notice: Notice (8): Undefined variable: javascript in [CORE/simpleflan/views/themed/vanilla/layouts/default.ctp, line 40]
2007-10-17 00:48:49 Notice: Notice (8): Undefined variable: javascript in [CORE/simpleflan/views/themed/vanilla/layouts/default.ctp, line 40]
2007-10-17 00:48:49 Notice: Notice (8): Undefined variable: javascript in [CORE/simpleflan/views/themed/vanilla/layouts/default.ctp, line 40]
2007-10-17 00:48:49 Notice: Notice (8): Undefined variable: javascript in [CORE/simpleflan/views/themed/vanilla/layouts/default.ctp, line 40]
2007-10-17 00:49:12 Notice: Notice (8): Undefined variable: javascript in [CORE/simpleflan/views/themed/vanilla/layouts/default.ctp, line 40]
2007-10-17 00:49:12 Notice: Notice (8): Undefined variable: javascript in [CORE/simpleflan/views/themed/vanilla/layouts/default.ctp, line 40]
2007-10-17 00:49:13 Notice: Notice (8): Undefined variable: javascript in [CORE/simpleflan/views/themed/vanilla/layouts/default.ctp, line 40]
2007-10-17 00:49:13 Notice: Notice (8): Undefined variable: javascript in [CORE/simpleflan/views/themed/vanilla/layouts/default.ctp, line 40]
2007-10-17 00:49:13 Notice: Notice (8): Undefined variable: javascript in [CORE/simpleflan/views/themed/vanilla/layouts/default.ctp, line 40]
2007-10-17 00:49:13 Notice: Notice (8): Undefined variable: javascript in [CORE/simpleflan/views/themed/vanilla/layouts/default.ctp, line 40]
2007-10-17 00:49:14 Notice: Notice (8): Undefined variable: javascript in [CORE/simpleflan/views/themed/vanilla/layouts/default.ctp, line 40]
2007-10-17 00:51:23 Notice: Notice (8): Undefined variable: javascript in [CORE/simpleflan/views/themed/vanilla/layouts/default.ctp, line 40]
2007-10-17 00:51:23 Notice: Notice (8): Undefined variable: javascript in [CORE/simpleflan/views/themed/vanilla/layouts/default.ctp, line 40]
2007-10-17 00:51:23 Notice: Notice (8): Undefined variable: javascript in [CORE/simpleflan/views/themed/vanilla/layouts/default.ctp, line 40]
2007-10-17 00:51:24 Notice: Notice (8): Undefined variable: javascript in [CORE/simpleflan/views/themed/vanilla/layouts/default.ctp, line 40]
2007-10-17 00:51:24 Notice: Notice (8): Undefined variable: javascript in [CORE/simpleflan/views/themed/vanilla/layouts/default.ctp, line 40]
2007-10-17 00:51:25 Notice: Notice (8): Undefined variable: javascript in [CORE/simpleflan/views/themed/vanilla/layouts/default.ctp, line 40]
2007-10-17 00:51:26 Notice: Notice (8): Undefined variable: javascript in [CORE/simpleflan/views/themed/vanilla/layouts/default.ctp, line 40]
2007-10-17 00:51:26 Notice: Notice (8): Undefined variable: javascript in [CORE/simpleflan/views/themed/vanilla/layouts/default.ctp, line 40]
2007-10-17 00:51:39 Notice: Notice (8): Undefined variable: javascript in [CORE/simpleflan/views/themed/vanilla/layouts/default.ctp, line 40]
2007-10-17 00:51:40 Notice: Notice (8): Undefined variable: javascript in [CORE/simpleflan/views/themed/vanilla/layouts/default.ctp, line 40]
2007-10-17 00:51:40 Notice: Notice (8): Undefined variable: javascript in [CORE/simpleflan/views/themed/vanilla/layouts/default.ctp, line 40]
2007-10-17 00:51:40 Notice: Notice (8): Undefined variable: javascript in [CORE/simpleflan/views/themed/vanilla/layouts/default.ctp, line 40]
2007-10-17 00:54:40 Notice: Notice (8): Undefined variable: javascript in [CORE/simpleflan/views/themed/vanilla/layouts/default.ctp, line 40]
2007-10-17 00:54:40 Notice: Notice (8): Undefined variable: javascript in [CORE/simpleflan/views/themed/vanilla/layouts/default.ctp, line 40]
2007-10-17 00:54:40 Notice: Notice (8): Undefined variable: javascript in [CORE/simpleflan/views/themed/vanilla/layouts/default.ctp, line 40]
2007-10-17 00:54:41 Notice: Notice (8): Undefined variable: javascript in [CORE/simpleflan/views/themed/vanilla/layouts/default.ctp, line 40]
2007-10-17 00:54:41 Notice: Notice (8): Undefined variable: javascript in [CORE/simpleflan/views/themed/vanilla/layouts/default.ctp, line 40]
2007-10-17 00:54:42 Notice: Notice (8): Undefined variable: javascript in [CORE/simpleflan/views/themed/vanilla/layouts/default.ctp, line 40]
2007-10-17 00:54:43 Notice: Notice (8): Undefined variable: javascript in [CORE/simpleflan/views/themed/vanilla/layouts/default.ctp, line 40]
2007-10-17 00:54:43 Notice: Notice (8): Undefined variable: javascript in [CORE/simpleflan/views/themed/vanilla/layouts/default.ctp, line 40]
2007-10-17 00:54:51 Notice: Notice (8): Undefined variable: javascript in [CORE/simpleflan/views/themed/vanilla/layouts/default.ctp, line 40]
2007-10-17 00:54:51 Notice: Notice (8): Undefined variable: javascript in [CORE/simpleflan/views/themed/vanilla/layouts/default.ctp, line 40]
2007-10-17 00:54:52 Notice: Notice (8): Undefined variable: javascript in [CORE/simpleflan/views/themed/vanilla/layouts/default.ctp, line 40]
2007-10-17 00:54:52 Notice: Notice (8): Undefined variable: javascript in [CORE/simpleflan/views/themed/vanilla/layouts/default.ctp, line 40]
2007-10-17 00:54:52 Notice: Notice (8): Undefined variable: javascript in [CORE/simpleflan/views/themed/vanilla/layouts/default.ctp, line 40]
2007-10-17 00:54:52 Notice: Notice (8): Undefined variable: javascript in [CORE/simpleflan/views/themed/vanilla/layouts/default.ctp, line 40]
2007-10-17 00:54:54 Notice: Notice (8): Undefined variable: javascript in [CORE/simpleflan/views/themed/vanilla/layouts/default.ctp, line 40]
2007-10-17 00:54:54 Notice: Notice (8): Undefined variable: javascript in [CORE/simpleflan/views/themed/vanilla/layouts/default.ctp, line 40]
2007-10-17 00:54:55 Notice: Notice (8): Undefined variable: javascript in [CORE/simpleflan/views/themed/vanilla/layouts/default.ctp, line 40]
2007-10-17 00:54:55 Notice: Notice (8): Undefined variable: javascript in [CORE/simpleflan/views/themed/vanilla/layouts/default.ctp, line 40]
2007-10-17 00:55:11 Notice: Notice (8): Undefined variable: javascript in [CORE/simpleflan/views/themed/vanilla/layouts/default.ctp, line 40]
2007-10-17 00:55:13 Notice: Notice (8): Undefined variable: javascript in [CORE/simpleflan/views/themed/vanilla/layouts/default.ctp, line 40]
2007-10-17 00:55:14 Notice: Notice (8): Undefined variable: javascript in [CORE/simpleflan/views/themed/vanilla/layouts/default.ctp, line 40]
2007-10-17 00:56:22 Notice: Notice (8): Undefined variable: javascript in [CORE/simpleflan/views/themed/vanilla/layouts/default.ctp, line 40]
2007-10-17 00:56:23 Notice: Notice (8): Undefined variable: javascript in [CORE/simpleflan/views/themed/vanilla/layouts/default.ctp, line 40]
2007-10-17 00:56:23 Notice: Notice (8): Undefined variable: javascript in [CORE/simpleflan/views/themed/vanilla/layouts/default.ctp, line 40]
2007-10-17 00:56:28 Notice: Notice (8): Undefined variable: javascript in [CORE/simpleflan/views/themed/vanilla/layouts/default.ctp, line 40]
2007-10-17 00:56:28 Notice: Notice (8): Undefined variable: javascript in [CORE/simpleflan/views/themed/vanilla/layouts/default.ctp, line 40]
2007-10-17 00:56:28 Notice: Notice (8): Undefined variable: javascript in [CORE/simpleflan/views/themed/vanilla/layouts/default.ctp, line 40]
2007-10-17 00:56:28 Notice: Notice (8): Undefined variable: javascript in [CORE/simpleflan/views/themed/vanilla/layouts/default.ctp, line 40]
2007-10-17 00:56:29 Notice: Notice (8): Undefined variable: javascript in [CORE/simpleflan/views/themed/vanilla/layouts/default.ctp, line 40]
2007-10-17 00:56:29 Notice: Notice (8): Undefined variable: javascript in [CORE/simpleflan/views/themed/vanilla/layouts/default.ctp, line 40]
2007-10-17 00:56:30 Notice: Notice (8): Undefined variable: javascript in [CORE/simpleflan/views/themed/vanilla/layouts/default.ctp, line 40]
2007-10-17 00:56:30 Notice: Notice (8): Undefined variable: javascript in [CORE/simpleflan/views/themed/vanilla/layouts/default.ctp, line 40]
2007-10-17 00:56:32 Notice: Notice (8): Undefined variable: javascript in [CORE/simpleflan/views/themed/vanilla/layouts/default.ctp, line 40]
2007-10-17 00:56:40 Notice: Notice (8): Undefined variable: javascript in [CORE/simpleflan/views/themed/vanilla/layouts/default.ctp, line 40]
2007-10-17 00:56:41 Notice: Notice (8): Undefined variable: javascript in [CORE/simpleflan/views/themed/vanilla/layouts/default.ctp, line 40]
2007-10-17 00:56:41 Notice: Notice (8): Undefined variable: javascript in [CORE/simpleflan/views/themed/vanilla/layouts/default.ctp, line 40]
2007-10-17 00:56:41 Notice: Notice (8): Undefined variable: javascript in [CORE/simpleflan/views/themed/vanilla/layouts/default.ctp, line 40]
2007-10-17 00:56:41 Notice: Notice (8): Undefined variable: javascript in [CORE/simpleflan/views/themed/vanilla/layouts/default.ctp, line 40]
2007-10-17 00:56:42 Notice: Notice (8): Undefined variable: javascript in [CORE/simpleflan/views/themed/vanilla/layouts/default.ctp, line 40]
2007-10-17 00:56:42 Notice: Notice (8): Undefined variable: javascript in [CORE/simpleflan/views/themed/vanilla/layouts/default.ctp, line 40]
2007-10-17 00:57:39 Notice: Notice (8): Undefined variable: javascript in [CORE/simpleflan/views/themed/vanilla/layouts/default.ctp, line 40]
2007-10-17 00:57:39 Notice: Notice (8): Undefined variable: javascript in [CORE/simpleflan/views/themed/vanilla/layouts/default.ctp, line 40]
2007-10-17 00:57:39 Notice: Notice (8): Undefined variable: javascript in [CORE/simpleflan/views/themed/vanilla/layouts/default.ctp, line 40]
2007-10-17 00:57:40 Notice: Notice (8): Undefined variable: javascript in [CORE/simpleflan/views/themed/vanilla/layouts/default.ctp, line 40]
2007-10-17 00:57:40 Notice: Notice (8): Undefined variable: javascript in [CORE/simpleflan/views/themed/vanilla/layouts/default.ctp, line 40]
2007-10-17 00:57:41 Notice: Notice (8): Undefined variable: javascript in [CORE/simpleflan/views/themed/vanilla/layouts/default.ctp, line 40]
2007-10-17 00:57:41 Notice: Notice (8): Undefined variable: javascript in [CORE/simpleflan/views/themed/vanilla/layouts/default.ctp, line 40]
2007-10-17 00:57:41 Notice: Notice (8): Undefined variable: javascript in [CORE/simpleflan/views/themed/vanilla/layouts/default.ctp, line 40]
2007-10-17 00:57:41 Notice: Notice (8): Undefined variable: javascript in [CORE/simpleflan/views/themed/vanilla/layouts/default.ctp, line 40]
2007-10-17 00:57:41 Notice: Notice (8): Undefined variable: javascript in [CORE/simpleflan/views/themed/vanilla/layouts/default.ctp, line 40]
2007-10-17 00:57:42 Notice: Notice (8): Undefined variable: javascript in [CORE/simpleflan/views/themed/vanilla/layouts/default.ctp, line 40]
2007-10-17 00:57:42 Notice: Notice (8): Undefined variable: javascript in [CORE/simpleflan/views/themed/vanilla/layouts/default.ctp, line 40]
2007-10-17 00:57:42 Notice: Notice (8): Undefined variable: javascript in [CORE/simpleflan/views/themed/vanilla/layouts/default.ctp, line 40]
2007-10-17 00:57:42 Notice: Notice (8): Undefined variable: javascript in [CORE/simpleflan/views/themed/vanilla/layouts/default.ctp, line 40]
2007-10-17 00:57:43 Notice: Notice (8): Undefined variable: javascript in [CORE/simpleflan/views/themed/vanilla/layouts/default.ctp, line 40]
2007-10-17 00:57:43 Notice: Notice (8): Undefined variable: javascript in [CORE/simpleflan/views/themed/vanilla/layouts/default.ctp, line 40]
2007-10-17 00:57:43 Notice: Notice (8): Undefined variable: javascript in [CORE/simpleflan/views/themed/vanilla/layouts/default.ctp, line 40]
2007-10-17 00:58:30 Notice: Notice (8): Undefined variable: javascript in [CORE/simpleflan/views/themed/vanilla/layouts/default.ctp, line 40]
2007-10-17 00:58:30 Notice: Notice (8): Undefined variable: javascript in [CORE/simpleflan/views/themed/vanilla/layouts/default.ctp, line 40]
2007-10-17 00:58:30 Notice: Notice (8): Undefined variable: javascript in [CORE/simpleflan/views/themed/vanilla/layouts/default.ctp, line 40]
2007-10-17 00:58:31 Notice: Notice (8): Undefined variable: javascript in [CORE/simpleflan/views/themed/vanilla/layouts/default.ctp, line 40]
2007-10-17 00:58:31 Notice: Notice (8): Undefined variable: javascript in [CORE/simpleflan/views/themed/vanilla/layouts/default.ctp, line 40]
2007-10-17 00:58:32 Notice: Notice (8): Undefined variable: javascript in [CORE/simpleflan/views/themed/vanilla/layouts/default.ctp, line 40]
2007-10-17 00:58:32 Notice: Notice (8): Undefined variable: javascript in [CORE/simpleflan/views/themed/vanilla/layouts/default.ctp, line 40]
2007-10-17 00:58:33 Notice: Notice (8): Undefined variable: javascript in [CORE/simpleflan/views/themed/vanilla/layouts/default.ctp, line 40]
2007-10-17 00:58:33 Notice: Notice (8): Undefined variable: javascript in [CORE/simpleflan/views/themed/vanilla/layouts/default.ctp, line 40]
2007-10-17 00:58:33 Notice: Notice (8): Undefined variable: javascript in [CORE/simpleflan/views/themed/vanilla/layouts/default.ctp, line 40]
2007-10-17 00:58:34 Notice: Notice (8): Undefined variable: javascript in [CORE/simpleflan/views/themed/vanilla/layouts/default.ctp, line 40]
2007-10-17 00:58:34 Notice: Notice (8): Undefined variable: javascript in [CORE/simpleflan/views/themed/vanilla/layouts/default.ctp, line 40]
2007-10-17 00:58:34 Notice: Notice (8): Undefined variable: javascript in [CORE/simpleflan/views/themed/vanilla/layouts/default.ctp, line 40]
2007-10-17 00:58:35 Notice: Notice (8): Undefined variable: javascript in [CORE/simpleflan/views/themed/vanilla/layouts/default.ctp, line 40]
2007-10-17 00:58:35 Notice: Notice (8): Undefined variable: javascript in [CORE/simpleflan/views/themed/vanilla/layouts/default.ctp, line 40]
2007-10-17 00:58:35 Notice: Notice (8): Undefined variable: javascript in [CORE/simpleflan/views/themed/vanilla/layouts/default.ctp, line 40]
2007-10-17 00:58:35 Notice: Notice (8): Undefined variable: javascript in [CORE/simpleflan/views/themed/vanilla/layouts/default.ctp, line 40]
2007-10-17 00:58:35 Notice: Notice (8): Undefined variable: javascript in [CORE/simpleflan/views/themed/vanilla/layouts/default.ctp, line 40]
2007-10-17 00:58:37 Notice: Notice (8): Undefined variable: javascript in [CORE/simpleflan/views/themed/vanilla/layouts/default.ctp, line 40]
2007-10-17 00:58:39 Notice: Notice (8): Undefined variable: javascript in [CORE/simpleflan/views/themed/vanilla/layouts/default.ctp, line 40]
2007-10-17 00:58:39 Notice: Notice (8): Undefined variable: javascript in [CORE/simpleflan/views/themed/vanilla/layouts/default.ctp, line 40]
2007-10-17 00:58:39 Notice: Notice (8): Undefined variable: javascript in [CORE/simpleflan/views/themed/vanilla/layouts/default.ctp, line 40]
2007-10-17 00:58:58 Notice: Notice (8): Undefined variable: javascript in [CORE/simpleflan/views/themed/vanilla/layouts/default.ctp, line 40]
2007-10-17 00:58:58 Notice: Notice (8): Undefined variable: javascript in [CORE/simpleflan/views/themed/vanilla/layouts/default.ctp, line 40]
2007-10-17 00:59:56 Notice: Notice (8): Undefined variable: javascript in [CORE/simpleflan/views/themed/vanilla/layouts/default.ctp, line 40]
2007-10-17 00:59:56 Notice: Notice (8): Undefined variable: javascript in [CORE/simpleflan/views/themed/vanilla/layouts/default.ctp, line 40]
2007-10-17 00:59:56 Notice: Notice (8): Undefined variable: javascript in [CORE/simpleflan/views/themed/vanilla/layouts/default.ctp, line 40]
2007-10-17 00:59:57 Notice: Notice (8): Undefined variable: javascript in [CORE/simpleflan/views/themed/vanilla/layouts/default.ctp, line 40]
2007-10-17 00:59:58 Notice: Notice (8): Undefined variable: javascript in [CORE/simpleflan/views/themed/vanilla/layouts/default.ctp, line 40]
2007-10-17 00:59:59 Notice: Notice (8): Undefined variable: javascript in [CORE/simpleflan/views/themed/vanilla/layouts/default.ctp, line 40]
2007-10-17 00:59:59 Notice: Notice (8): Undefined variable: javascript in [CORE/simpleflan/views/themed/vanilla/layouts/default.ctp, line 40]
2007-10-17 01:00:00 Notice: Notice (8): Undefined variable: javascript in [CORE/simpleflan/views/themed/vanilla/layouts/default.ctp, line 40]
2007-10-17 01:00:00 Notice: Notice (8): Undefined variable: javascript in [CORE/simpleflan/views/themed/vanilla/layouts/default.ctp, line 40]
2007-10-17 01:00:01 Notice: Notice (8): Undefined variable: javascript in [CORE/simpleflan/views/themed/vanilla/layouts/default.ctp, line 40]
2007-10-17 01:00:04 Notice: Notice (8): Undefined variable: javascript in [CORE/simpleflan/views/themed/vanilla/layouts/default.ctp, line 40]
2007-10-17 01:00:04 Notice: Notice (8): Undefined variable: javascript in [CORE/simpleflan/views/themed/vanilla/layouts/default.ctp, line 40]
2007-10-17 01:00:04 Notice: Notice (8): Undefined variable: javascript in [CORE/simpleflan/views/themed/vanilla/layouts/default.ctp, line 40]
2007-10-17 01:00:05 Notice: Notice (8): Undefined variable: javascript in [CORE/simpleflan/views/themed/vanilla/layouts/default.ctp, line 40]
2007-10-17 01:00:05 Notice: Notice (8): Undefined variable: javascript in [CORE/simpleflan/views/themed/vanilla/layouts/default.ctp, line 40]
2007-10-17 01:00:05 Notice: Notice (8): Undefined variable: javascript in [CORE/simpleflan/views/themed/vanilla/layouts/default.ctp, line 40]
2007-10-17 01:00:05 Notice: Notice (8): Undefined variable: javascript in [CORE/simpleflan/views/themed/vanilla/layouts/default.ctp, line 40]
2007-10-17 01:00:05 Notice: Notice (8): Undefined variable: javascript in [CORE/simpleflan/views/themed/vanilla/layouts/default.ctp, line 40]
2007-10-17 01:00:44 Notice: Notice (8): Undefined variable: javascript in [CORE/simpleflan/views/themed/vanilla/layouts/default.ctp, line 40]
2007-10-17 01:00:46 Notice: Notice (8): Undefined variable: javascript in [CORE/simpleflan/views/themed/vanilla/layouts/default.ctp, line 40]
2007-10-17 01:00:46 Notice: Notice (8): Undefined variable: javascript in [CORE/simpleflan/views/themed/vanilla/layouts/default.ctp, line 40]
2007-10-17 01:00:47 Notice: Notice (8): Undefined variable: javascript in [CORE/simpleflan/views/themed/vanilla/layouts/default.ctp, line 40]
2007-10-17 01:00:50 Notice: Notice (8): Undefined variable: javascript in [CORE/simpleflan/views/themed/vanilla/layouts/default.ctp, line 40]
2007-10-17 01:00:55 Notice: Notice (8): Undefined variable: javascript in [CORE/simpleflan/views/themed/vanilla/layouts/default.ctp, line 40]
2007-10-17 01:00:55 Notice: Notice (8): Undefined variable: javascript in [CORE/simpleflan/views/themed/vanilla/layouts/default.ctp, line 40]
2007-10-17 01:00:57 Notice: Notice (8): Undefined variable: javascript in [CORE/simpleflan/views/themed/vanilla/layouts/default.ctp, line 40]
2007-10-17 01:00:57 Notice: Notice (8): Undefined variable: javascript in [CORE/simpleflan/views/themed/vanilla/layouts/default.ctp, line 40]
2007-10-17 01:00:58 Notice: Notice (8): Undefined variable: javascript in [CORE/simpleflan/views/themed/vanilla/layouts/default.ctp, line 40]
2007-10-17 01:00:58 Notice: Notice (8): Undefined variable: javascript in [CORE/simpleflan/views/themed/vanilla/layouts/default.ctp, line 40]
2007-10-17 01:00:58 Notice: Notice (8): Undefined variable: javascript in [CORE/simpleflan/views/themed/vanilla/layouts/default.ctp, line 40]
2007-10-17 01:00:59 Notice: Notice (8): Undefined variable: javascript in [CORE/simpleflan/views/themed/vanilla/layouts/default.ctp, line 40]
2007-10-17 01:03:43 Notice: Notice (8): Undefined variable: javascript in [CORE/simpleflan/views/themed/vanilla/layouts/default.ctp, line 40]
2007-10-17 01:03:43 Notice: Notice (8): Undefined variable: javascript in [CORE/simpleflan/views/themed/vanilla/layouts/default.ctp, line 40]
2007-10-17 01:03:44 Notice: Notice (8): Undefined variable: javascript in [CORE/simpleflan/views/themed/vanilla/layouts/default.ctp, line 40]
2007-10-17 01:03:44 Notice: Notice (8): Undefined variable: javascript in [CORE/simpleflan/views/themed/vanilla/layouts/default.ctp, line 40]
2007-10-17 01:03:44 Notice: Notice (8): Undefined variable: javascript in [CORE/simpleflan/views/themed/vanilla/layouts/default.ctp, line 40]
2007-10-17 01:03:44 Notice: Notice (8): Undefined variable: javascript in [CORE/simpleflan/views/themed/vanilla/layouts/default.ctp, line 40]
2007-10-17 01:03:45 Notice: Notice (8): Undefined variable: javascript in [CORE/simpleflan/views/themed/vanilla/layouts/default.ctp, line 40]
2007-10-17 01:03:45 Notice: Notice (8): Undefined variable: javascript in [CORE/simpleflan/views/themed/vanilla/layouts/default.ctp, line 40]
2007-10-17 01:03:45 Notice: Notice (8): Undefined variable: javascript in [CORE/simpleflan/views/themed/vanilla/layouts/default.ctp, line 40]
2007-10-17 01:03:46 Notice: Notice (8): Undefined variable: javascript in [CORE/simpleflan/views/themed/vanilla/layouts/default.ctp, line 40]
2007-10-17 01:03:47 Notice: Notice (8): Undefined variable: javascript in [CORE/simpleflan/views/themed/vanilla/layouts/default.ctp, line 40]
2007-10-17 01:04:44 Notice: Notice (8): Undefined variable: javascript in [CORE/simpleflan/views/themed/vanilla/layouts/default.ctp, line 40]
2007-10-17 01:04:45 Notice: Notice (8): Undefined variable: javascript in [CORE/simpleflan/views/themed/vanilla/layouts/default.ctp, line 40]
2007-10-17 01:04:45 Notice: Notice (8): Undefined variable: javascript in [CORE/simpleflan/views/themed/vanilla/layouts/default.ctp, line 40]
2007-10-17 01:04:45 Notice: Notice (8): Undefined variable: javascript in [CORE/simpleflan/views/themed/vanilla/layouts/default.ctp, line 40]
2007-10-17 01:04:48 Notice: Notice (8): Undefined variable: javascript in [CORE/simpleflan/views/themed/vanilla/layouts/default.ctp, line 40]
2007-10-17 01:04:48 Notice: Notice (8): Undefined variable: javascript in [CORE/simpleflan/views/themed/vanilla/layouts/default.ctp, line 40]
2007-10-17 01:04:49 Notice: Notice (8): Undefined variable: javascript in [CORE/simpleflan/views/themed/vanilla/layouts/default.ctp, line 40]
2007-10-17 01:06:07 Notice: Notice (8): Undefined variable: javascript in [CORE/simpleflan/views/themed/vanilla/layouts/default.ctp, line 40]
2007-10-17 01:06:07 Notice: Notice (8): Undefined variable: javascript in [CORE/simpleflan/views/themed/vanilla/layouts/default.ctp, line 40]
2007-10-17 01:06:08 Notice: Notice (8): Undefined variable: javascript in [CORE/simpleflan/views/themed/vanilla/layouts/default.ctp, line 40]
2007-10-17 01:08:39 Notice: Notice (8): Undefined variable: javascript in [CORE/simpleflan/views/themed/vanilla/layouts/default.ctp, line 40]
2007-10-17 01:08:39 Notice: Notice (8): Undefined variable: javascript in [CORE/simpleflan/views/themed/vanilla/layouts/default.ctp, line 40]
2007-10-17 01:08:39 Notice: Notice (8): Undefined variable: javascript in [CORE/simpleflan/views/themed/vanilla/layouts/default.ctp, line 40]
2007-10-17 01:08:43 Notice: Notice (8): Undefined variable: javascript in [CORE/simpleflan/views/themed/vanilla/layouts/default.ctp, line 40]
2007-10-17 01:08:43 Notice: Notice (8): Undefined variable: javascript in [CORE/simpleflan/views/themed/vanilla/layouts/default.ctp, line 40]
2007-10-17 01:10:15 Notice: Notice (8): Undefined variable: javascript in [CORE/simpleflan/views/themed/vanilla/layouts/default.ctp, line 40]
2007-10-17 01:10:16 Notice: Notice (8): Undefined variable: javascript in [CORE/simpleflan/views/themed/vanilla/layouts/default.ctp, line 40]
2007-10-17 01:10:16 Notice: Notice (8): Undefined variable: javascript in [CORE/simpleflan/views/themed/vanilla/layouts/default.ctp, line 40]
2007-10-17 01:10:32 Notice: Notice (8): Undefined variable: javascript in [CORE/simpleflan/views/themed/vanilla/layouts/default.ctp, line 40]
2007-10-17 01:10:33 Notice: Notice (8): Undefined variable: javascript in [CORE/simpleflan/views/themed/vanilla/layouts/default.ctp, line 40]
2007-10-17 01:10:33 Notice: Notice (8): Undefined variable: javascript in [CORE/simpleflan/views/themed/vanilla/layouts/default.ctp, line 40]
2007-10-17 01:10:50 Notice: Notice (8): Undefined variable: javascript in [CORE/simpleflan/views/themed/vanilla/layouts/default.ctp, line 40]
2007-10-17 01:10:51 Notice: Notice (8): Undefined variable: javascript in [CORE/simpleflan/views/themed/vanilla/layouts/default.ctp, line 40]
2007-10-17 01:10:51 Notice: Notice (8): Undefined variable: javascript in [CORE/simpleflan/views/themed/vanilla/layouts/default.ctp, line 40]
2007-10-17 01:13:26 Notice: Notice (8): Undefined variable: javascript in [CORE/simpleflan/views/themed/vanilla/layouts/default.ctp, line 40]
2007-10-17 01:13:27 Notice: Notice (8): Undefined variable: javascript in [CORE/simpleflan/views/themed/vanilla/layouts/default.ctp, line 40]
2007-10-17 01:13:27 Notice: Notice (8): Undefined variable: javascript in [CORE/simpleflan/views/themed/vanilla/layouts/default.ctp, line 40]
2007-10-17 01:14:52 Notice: Notice (8): Undefined variable: javascript in [CORE/simpleflan/views/themed/vanilla/layouts/default.ctp, line 40]
2007-10-17 01:14:52 Notice: Notice (8): Undefined variable: javascript in [CORE/simpleflan/views/themed/vanilla/layouts/default.ctp, line 40]
2007-10-17 01:14:52 Notice: Notice (8): Undefined variable: javascript in [CORE/simpleflan/views/themed/vanilla/layouts/default.ctp, line 40]
2007-10-17 01:16:22 Notice: Notice (8): Undefined variable: javascript in [CORE/simpleflan/views/themed/vanilla/layouts/default.ctp, line 40]
2007-10-17 01:16:22 Notice: Notice (8): Undefined variable: javascript in [CORE/simpleflan/views/themed/vanilla/layouts/default.ctp, line 40]
2007-10-17 01:16:22 Notice: Notice (8): Undefined variable: javascript in [CORE/simpleflan/views/themed/vanilla/layouts/default.ctp, line 40]
2007-10-17 01:20:16 Notice: Notice (8): Undefined variable: javascript in [CORE/simpleflan/views/themed/vanilla/layouts/default.ctp, line 40]
2007-10-17 01:20:31 Notice: Notice (8): Undefined variable: javascript in [CORE/simpleflan/views/themed/vanilla/layouts/default.ctp, line 40]
2007-10-17 23:05:55 Notice: Notice (8): Undefined property:  ThemeView::$Auth in [CORE/simpleflan/views/layouts/admin.ctp, line 47]
2007-10-17 23:06:10 Notice: Notice (8): Trying to get property of non-object in [CORE/simpleflan/views/layouts/admin.ctp, line 47]
2007-10-17 23:06:21 Notice: Notice (8): Undefined property:  ThemeView::$Auth in [CORE/simpleflan/views/layouts/admin.ctp, line 47]
2007-10-20 16:43:28 Notice: Notice (8): Undefined property:  Project::$hasField in [CORE/simpleflan/models/behaviors/url.php, line 47]
2007-10-20 16:43:28 Notice: Notice (8): Undefined property:  UrlBehavior::$data in [CORE/simpleflan/models/behaviors/url.php, line 54]
2007-10-20 16:43:56 Notice: Notice (8): Undefined property:  UrlBehavior::$data in [CORE/simpleflan/models/behaviors/url.php, line 48]
2007-10-20 16:43:56 Notice: Notice (8): Undefined property:  UrlBehavior::$data in [CORE/simpleflan/models/behaviors/url.php, line 49]
2007-10-20 16:43:56 Notice: Notice (8): Undefined property:  UrlBehavior::$data in [CORE/simpleflan/models/behaviors/url.php, line 54]
2007-10-20 16:44:17 Notice: Notice (8): Undefined property:  UrlBehavior::$data in [CORE/simpleflan/models/behaviors/url.php, line 48]
2007-10-20 16:44:17 Notice: Notice (8): Undefined property:  UrlBehavior::$data in [CORE/simpleflan/models/behaviors/url.php, line 54]
2007-10-20 16:44:29 Notice: Notice (8): Undefined property:  UrlBehavior::$data in [CORE/simpleflan/models/behaviors/url.php, line 48]
2007-10-20 16:50:53 Notice: Notice (8): Undefined property:  UrlBehavior::$data in [CORE/simpleflan/models/behaviors/url.php, line 49]
2007-10-20 17:22:17 Notice: Notice (8): Undefined index:  realtedModelName in [CORE/simpleflan/views/elements/related_list.ctp, line 6]
2007-10-20 17:22:25 Notice: Notice (8): Undefined index:  relatedModelName in [CORE/simpleflan/views/elements/related_list.ctp, line 6]
2007-10-20 17:22:50 Notice: Notice (8): Undefined index:  relatedModelName in [CORE/simpleflan/views/elements/related_list.ctp, line 7]
2007-10-20 17:23:36 Notice: Notice (8): Undefined variable: options in [CORE/simpleflan/views/elements/related_list.ctp, line 4]
2007-10-20 17:23:36 Notice: Notice (8): Undefined index:  relatedModelName in [CORE/simpleflan/views/elements/related_list.ctp, line 7]
2007-10-20 17:23:52 Notice: Notice (8): Undefined index:  relatedModelName in [CORE/simpleflan/views/elements/related_list.ctp, line 7]
2007-10-20 17:24:17 Notice: Notice (8): Undefined index:  relatedModelName in [CORE/simpleflan/views/elements/related_list.ctp, line 7]
2007-10-20 17:24:19 Notice: Notice (8): Undefined index:  relatedModelName in [CORE/simpleflan/views/elements/related_list.ctp, line 7]
2007-10-20 17:24:32 Notice: Notice (8): Undefined index:  relatedModelName in [CORE/simpleflan/views/elements/related_list.ctp, line 7]
2007-10-20 17:24:46 Notice: Notice (8): Undefined index:  relatedModelName in [CORE/simpleflan/views/elements/related_list.ctp, line 7]
2007-10-20 17:25:07 Notice: Notice (8): Undefined index:  relatedModelName in [CORE/simpleflan/views/elements/related_list.ctp, line 7]
2007-10-20 17:25:24 Notice: Notice (8): Undefined index:  relatedModelName in [CORE/simpleflan/views/elements/related_list.ctp, line 7]
2007-10-20 17:29:18 Notice: Notice (8): Undefined index:  linkAction in [CORE/simpleflan/views/elements/related_list.ctp, line 18]
2007-10-20 17:29:18 Notice: Notice (8): Undefined index:  linkToField in [CORE/simpleflan/views/elements/related_list.ctp, line 18]
2007-10-20 18:52:24 Notice: Notice (8): Undefined variable: client in [CORE/simpleflan/views/categories/admin_view.ctp, line 32]
2007-10-20 19:11:00 Notice: Notice (8): Undefined index:  linkAction in [CORE/simpleflan/views/elements/related_list.ctp, line 21]
2007-10-23 18:11:24 Notice: Notice (8): Undefined variable: projects in [CORE/simpleflan/views/themed/izi/pages/home.ctp, line 4]
2007-10-23 21:50:46 Notice: Notice (8): Undefined variable: projects in [CORE/simpleflan/views/themed/izi/pages/home.ctp, line 4]
2007-10-23 22:32:29 Notice: Notice (8): Undefined variable: option in [CORE/simpleflan/app_controller.php, line 120]
2007-10-23 22:32:30 Notice: Notice (8): Undefined variable: option in [CORE/simpleflan/app_controller.php, line 120]
2007-10-23 22:38:30 Notice: Notice (8): Undefined index:  Project in [CORE/simpleflan/views/themed/izi/pages/home.ctp, line 13]
2007-10-23 22:38:30 Notice: Notice (8): Undefined index:  Project in [CORE/simpleflan/views/themed/izi/pages/home.ctp, line 16]
2007-10-23 22:39:18 Notice: Notice (8): Undefined index:  Project in [CORE/simpleflan/views/themed/izi/pages/home.ctp, line 14]
2007-10-23 22:39:18 Notice: Notice (8): Undefined index:  Project in [CORE/simpleflan/views/themed/izi/pages/home.ctp, line 17]
2007-10-23 22:39:32 Notice: Notice (8): Undefined index:  Project in [CORE/simpleflan/views/themed/izi/pages/home.ctp, line 14]
2007-10-23 22:39:32 Notice: Notice (8): Undefined index:  Project in [CORE/simpleflan/views/themed/izi/pages/home.ctp, line 17]
2007-10-23 22:40:05 Notice: Notice (8): Undefined variable: project in [CORE/simpleflan/views/themed/izi/pages/home.ctp, line 5]
2007-10-24 00:14:52 Notice: Notice (8): Undefined variable: page in [CORE/simpleflan/views/themed/vanilla/pages/home.ctp, line 5]
2007-10-24 00:15:02 Notice: Notice (8): Undefined variable: page in [CORE/simpleflan/views/themed/vanilla/pages/home.ctp, line 5]
2007-10-24 00:15:24 Notice: Notice (8): Undefined variable: page in [CORE/simpleflan/views/themed/vanilla/pages/home.ctp, line 5]
2007-10-24 00:16:47 Notice: Notice (8): Undefined variable: page in [CORE/simpleflan/views/themed/vanilla/pages/home.ctp, line 5]
2007-10-24 00:16:57 Notice: Notice (8): Undefined variable: page in [CORE/simpleflan/views/themed/vanilla/pages/home.ctp, line 5]
2007-10-24 01:34:03 Notice: Notice (8): Undefined index:  image in [CORE/simpleflan/views/themed/vanilla/pages/home.ctp, line 12]
2007-10-24 01:34:11 Notice: Notice (8): Undefined index:  Image in [CORE/simpleflan/views/themed/vanilla/pages/home.ctp, line 12]
2007-10-24 01:34:14 Notice: Notice (8): Undefined index:  Image in [CORE/simpleflan/views/themed/vanilla/pages/home.ctp, line 12]
2007-10-24 01:34:26 Notice: Notice (8): Undefined index:  Image in [CORE/simpleflan/views/themed/vanilla/pages/home.ctp, line 13]
2007-10-24 01:34:45 Notice: Notice (8): Undefined index:  id in [CORE/simpleflan/views/helpers/imager.php, line 87]
2007-10-24 01:34:45 Notice: Notice (8): Undefined index:  image in [CORE/simpleflan/views/helpers/imager.php, line 11]
2007-10-24 22:22:34 Notice: Notice (8): Use of undefined constant viewPaths - assumed 'viewPaths' in [CORE/simpleflan/models/theme.php, line 19]
2007-10-24 23:46:07 Notice: Notice (8): Undefined variable: activeInfo in [CORE/simpleflan/models/theme.php, line 40]
2007-10-24 23:46:29 Notice: Notice (8): Undefined variable: activeInfo in [CORE/simpleflan/models/theme.php, line 40]
2007-10-24 23:54:06 Notice: Notice (8): Undefined property:  Theme::$base in [CORE/simpleflan/models/theme.php, line 65]
2007-10-24 23:54:06 Notice: Notice (8): Undefined index:  thumbnail in [CORE/simpleflan/models/theme.php, line 65]
2007-10-24 23:54:35 Notice: Notice (8): Undefined property:  Theme::$Controller in [CORE/simpleflan/models/theme.php, line 65]
2007-10-24 23:54:35 Notice: Notice (8): Trying to get property of non-object in [CORE/simpleflan/models/theme.php, line 65]
2007-10-24 23:54:35 Notice: Notice (8): Undefined index:  thumbnail in [CORE/simpleflan/models/theme.php, line 65]
2007-10-24 23:55:44 Notice: Notice (8): Undefined property:  Theme::$Controller in [CORE/simpleflan/models/theme.php, line 67]
2007-10-24 23:55:44 Notice: Notice (8): Trying to get property of non-object in [CORE/simpleflan/models/theme.php, line 67]
2007-10-25 00:08:50 Notice: Notice (8): Undefined index:  dir in [CORE/simpleflan/views/themes/admin_index.ctp, line 6]
2007-10-25 02:45:27 Notice: Notice (8): Undefined variable: data in [CORE/simpleflan/views/themes/admin_index.ctp, line 3]
2007-10-25 02:58:00 Notice: Notice (8): Use of undefined constant CONFIG - assumed 'CONFIG' in [CORE/simpleflan/controllers/themes_controller.php, line 35]
2007-10-25 02:58:15 Notice: Notice (8): Use of undefined constant CONFIGURATION - assumed 'CONFIGURATION' in [CORE/simpleflan/controllers/themes_controller.php, line 35]
2007-10-25 03:18:53 Notice: Notice (8): Undefined variable: value in [CORE/simpleflan/controllers/themes_controller.php, line 42]
2007-10-25 03:46:26 Notice: Notice (8): Undefined index:  Name in [CORE/simpleflan/controllers/themes_controller.php, line 41]
2007-10-25 13:50:11 Notice: Notice (8): Undefined variable: form in [CORE/simpleflan/views/themed/vanilla/feed_back/send.ctp, line 1]
2007-10-25 15:29:01 Notice: Notice (8): Undefined index:  Title in [CORE/simpleflan/views/themed/vanilla/feed_back/sent.ctp, line 6]
2007-10-29 23:48:48 Notice: Notice (8): Undefined variable: catgories in [CORE/simpleflan/views/themed/napolitan/pages/home.ctp, line 6]
2007-10-29 23:51:38 Notice: Notice (8): Undefined index:  Project in [CORE/simpleflan/views/themed/napolitan/pages/home.ctp, line 8]
2007-10-29 23:51:52 Notice: Notice (8): Undefined index:  id in [CORE/simpleflan/views/helpers/imager.php, line 87]
2007-10-29 23:51:52 Notice: Notice (8): Undefined index:  image in [CORE/simpleflan/views/helpers/imager.php, line 11]
2007-10-30 00:08:42 Notice: Notice (8): Undefined variable: image in [CORE/simpleflan/views/themed/napolitan/pages/home.ctp, line 12]
2007-10-30 16:08:45 Notice: Notice (8): Undefined index:  description in [CORE/simpleflan/views/themed/napolitan/projects/view.ctp, line 19]
2007-10-30 16:35:51 Notice: Notice (8): Undefined index:  description in [CORE/simpleflan/views/themed/napolitan/pages/home.ctp, line 25]
2007-10-30 16:36:04 Notice: Notice (8): Undefined index:  body in [CORE/simpleflan/views/themed/napolitan/pages/home.ctp, line 25]
