2007-10-05 16:34:23 Warning: Warning (2): Cannot modify header information - headers already sent by (output started at /webroot/cake/cake/basics.php:747) in [CORE/cake/libs/controller/controller.php, line 511]
2007-10-05 18:49:09 Warning: Warning (2): Cannot modify header information - headers already sent by (output started at /webroot/cake/simpleflan/models/behaviors/tag.php:106) in [CORE/cake/libs/controller/controller.php, line 511]
2007-10-12 01:52:35 Warning: Warning (2): Cannot modify header information - headers already sent by (output started at /webroot/cake/cake/basics.php:747) in [CORE/cake/libs/controller/controller.php, line 511]
2007-10-12 01:53:08 Warning: Warning (2): Cannot modify header information - headers already sent by (output started at /webroot/cake/cake/basics.php:747) in [CORE/cake/libs/controller/controller.php, line 511]
2007-10-12 01:54:01 Warning: Warning (2): Cannot modify header information - headers already sent by (output started at /webroot/cake/cake/basics.php:747) in [CORE/cake/libs/controller/controller.php, line 511]
2007-10-12 02:00:25 Warning: Warning (512): <span style = "color:Red;text-align:left"><b>SQL Error:</b> 1146: Table 'simpleflan.images_pages' doesn't exist</span> in [CORE/cake/libs/model/datasources/dbo_source.php, line 463]
2007-10-12 02:00:25 Warning: Warning (2): Cannot modify header information - headers already sent by (output started at /webroot/cake/cake/basics.php:893) in [CORE/cake/libs/controller/controller.php, line 511]
2007-10-12 12:33:50 Warning: Warning (2): Cannot modify header information - headers already sent by (output started at /webroot/cake/cake/basics.php:747) in [CORE/cake/libs/controller/controller.php, line 511]
2007-10-12 12:39:28 Warning: Warning (512): Method ImagerHelper::link does not exist in [CORE/cake/libs/view/helper.php, line 148]
2007-10-12 12:39:57 Warning: Warning (512): Method ImagerHelper::link does not exist in [CORE/cake/libs/view/helper.php, line 148]
2007-10-12 12:40:10 Warning: Warning (512): Method ImagerHelper::link does not exist in [CORE/cake/libs/view/helper.php, line 148]
2007-10-15 00:15:31 Warning: Warning (512): <span style = "color:Red;text-align:left"><b>SQL Error:</b> 1054: Unknown column 'Post.modified' in 'order clause'</span> in [CORE/cake/libs/model/datasources/dbo_source.php, line 463]
2007-10-15 00:15:31 Warning: Warning (2): session_start() [<a href='http://php.net/function.session-start'>function.session-start</a>]: Cannot send session cookie - headers already sent by (output started at /webroot/cake/cake/basics.php:893) in [CORE/cake/libs/session.php, line 154]
2007-10-15 00:15:31 Warning: Warning (2): session_start() [<a href='http://php.net/function.session-start'>function.session-start</a>]: Cannot send session cache limiter - headers already sent (output started at /webroot/cake/cake/basics.php:893) in [CORE/cake/libs/session.php, line 154]
2007-10-15 00:15:31 Warning: Warning (2): Cannot modify header information - headers already sent by (output started at /webroot/cake/cake/basics.php:893) in [CORE/cake/libs/session.php, line 155]
2007-10-15 00:15:32 Warning: Warning (512): <span style = "color:Red;text-align:left"><b>SQL Error:</b> 1054: Unknown column 'Post.modified' in 'order clause'</span> in [CORE/cake/libs/model/datasources/dbo_source.php, line 463]
2007-10-15 00:15:32 Warning: Warning (2): session_start() [<a href='http://php.net/function.session-start'>function.session-start</a>]: Cannot send session cookie - headers already sent by (output started at /webroot/cake/cake/basics.php:893) in [CORE/cake/libs/session.php, line 154]
2007-10-15 00:15:32 Warning: Warning (2): session_start() [<a href='http://php.net/function.session-start'>function.session-start</a>]: Cannot send session cache limiter - headers already sent (output started at /webroot/cake/cake/basics.php:893) in [CORE/cake/libs/session.php, line 154]
2007-10-15 00:15:32 Warning: Warning (2): Cannot modify header information - headers already sent by (output started at /webroot/cake/cake/basics.php:893) in [CORE/cake/libs/session.php, line 155]
2007-10-15 16:51:17 Warning: Warning (512): <span style = "color:Red;text-align:left"><b>SQL Error:</b> 1054: Unknown column 'Image.category_id' in 'on clause'</span> in [CORE/cake/libs/model/datasources/dbo_source.php, line 463]
2007-10-15 16:51:17 Warning: Warning (2): Invalid argument supplied for foreach() in [CORE/simpleflan/views/categories/admin_index.ctp, line 11]
2007-10-15 21:11:23 Warning: Warning (2): Invalid argument supplied for foreach() in [CORE/simpleflan/views/themed/vanilla/categories/index.ctp, line 2]
2007-10-15 21:22:10 Warning: Warning (2): getimagesize() [<a href='http://php.net/function.getimagesize'>function.getimagesize</a>]: Read error! in [CORE/simpleflan/models/behaviors/image.php, line 404]
2007-10-15 21:22:10 Warning: Warning (2): Cannot modify header information - headers already sent by (output started at /webroot/cake/cake/basics.php:747) in [CORE/cake/libs/controller/controller.php, line 511]
2007-10-15 21:43:48 Warning: Warning (512): Method TextileHelper::textilizeThis does not exist in [CORE/cake/libs/view/helper.php, line 148]
2007-10-16 01:12:26 Warning: Warning (2): Invalid argument supplied for foreach() in [CORE/simpleflan/views/themed/vanilla/clients/index.ctp, line 3]
2007-10-16 01:13:09 Warning: Warning (2): Invalid argument supplied for foreach() in [CORE/simpleflan/views/themed/vanilla/clients/index.ctp, line 3]
2007-10-16 01:25:58 Warning: Warning (2): htmlentities() [<a href='http://php.net/function.htmlentities'>function.htmlentities</a>]: charset `false' not supported, assuming iso-8859-1 in [CORE/cake/libs/view/helpers/html.php, line 270]
2007-10-16 01:58:15 Warning: Warning (2): session_start() [<a href='http://php.net/function.session-start'>function.session-start</a>]: Cannot send session cookie - headers already sent by (output started at /webroot/cake/cake/basics.php:747) in [CORE/cake/libs/session.php, line 154]
2007-10-16 01:58:15 Warning: Warning (2): session_start() [<a href='http://php.net/function.session-start'>function.session-start</a>]: Cannot send session cache limiter - headers already sent (output started at /webroot/cake/cake/basics.php:747) in [CORE/cake/libs/session.php, line 154]
2007-10-16 01:58:15 Warning: Warning (2): Cannot modify header information - headers already sent by (output started at /webroot/cake/cake/basics.php:747) in [CORE/cake/libs/session.php, line 155]
2007-10-16 01:58:15 Warning: Warning (2): Cannot modify header information - headers already sent by (output started at /webroot/cake/cake/basics.php:747) in [CORE/cake/libs/error.php, line 133]
2007-10-16 01:58:42 Warning: Warning (2): session_start() [<a href='http://php.net/function.session-start'>function.session-start</a>]: Cannot send session cookie - headers already sent by (output started at /webroot/cake/cake/basics.php:747) in [CORE/cake/libs/session.php, line 154]
2007-10-16 01:58:42 Warning: Warning (2): session_start() [<a href='http://php.net/function.session-start'>function.session-start</a>]: Cannot send session cache limiter - headers already sent (output started at /webroot/cake/cake/basics.php:747) in [CORE/cake/libs/session.php, line 154]
2007-10-16 01:58:42 Warning: Warning (2): Cannot modify header information - headers already sent by (output started at /webroot/cake/cake/basics.php:747) in [CORE/cake/libs/session.php, line 155]
2007-10-16 01:58:58 Warning: Warning (2): session_start() [<a href='http://php.net/function.session-start'>function.session-start</a>]: Cannot send session cookie - headers already sent by (output started at /webroot/cake/cake/basics.php:747) in [CORE/cake/libs/session.php, line 154]
2007-10-16 01:58:58 Warning: Warning (2): session_start() [<a href='http://php.net/function.session-start'>function.session-start</a>]: Cannot send session cache limiter - headers already sent (output started at /webroot/cake/cake/basics.php:747) in [CORE/cake/libs/session.php, line 154]
2007-10-16 01:58:58 Warning: Warning (2): Cannot modify header information - headers already sent by (output started at /webroot/cake/cake/basics.php:747) in [CORE/cake/libs/session.php, line 155]
2007-10-16 01:59:09 Warning: Warning (2): session_start() [<a href='http://php.net/function.session-start'>function.session-start</a>]: Cannot send session cookie - headers already sent by (output started at /webroot/cake/cake/basics.php:747) in [CORE/cake/libs/session.php, line 154]
2007-10-16 01:59:09 Warning: Warning (2): session_start() [<a href='http://php.net/function.session-start'>function.session-start</a>]: Cannot send session cache limiter - headers already sent (output started at /webroot/cake/cake/basics.php:747) in [CORE/cake/libs/session.php, line 154]
2007-10-16 01:59:09 Warning: Warning (2): Cannot modify header information - headers already sent by (output started at /webroot/cake/cake/basics.php:747) in [CORE/cake/libs/session.php, line 155]
2007-10-16 01:59:17 Warning: Warning (2): session_start() [<a href='http://php.net/function.session-start'>function.session-start</a>]: Cannot send session cookie - headers already sent by (output started at /webroot/cake/cake/basics.php:747) in [CORE/cake/libs/session.php, line 154]
2007-10-16 01:59:17 Warning: Warning (2): session_start() [<a href='http://php.net/function.session-start'>function.session-start</a>]: Cannot send session cache limiter - headers already sent (output started at /webroot/cake/cake/basics.php:747) in [CORE/cake/libs/session.php, line 154]
2007-10-16 01:59:17 Warning: Warning (2): Cannot modify header information - headers already sent by (output started at /webroot/cake/cake/basics.php:747) in [CORE/cake/libs/session.php, line 155]
2007-10-16 02:01:16 Warning: Warning (2): Cannot modify header information - headers already sent by (output started at /webroot/cake/cake/basics.php:747) in [CORE/cake/libs/controller/controller.php, line 511]
2007-10-16 02:26:06 Warning: Warning (2): Invalid argument supplied for foreach() in [CORE/simpleflan/views/themed/vanilla/elements/list_projects.ctp, line 2]
2007-10-17 17:46:14 Warning: Warning (512): Users::isAuthorized() is not defined. in [CORE/cake/libs/controller/controller.php, line 572]
2007-10-17 17:46:14 Warning: Warning (2): Cannot modify header information - headers already sent by (output started at /webroot/cake/cake/basics.php:747) in [CORE/cake/libs/controller/controller.php, line 511]
2007-10-17 18:25:02 Warning: Warning (512): Clients::isAuthorized() is not defined. in [CORE/cake/libs/controller/controller.php, line 572]
2007-10-17 18:25:02 Warning: Warning (2): Cannot modify header information - headers already sent by (output started at /webroot/cake/cake/basics.php:747) in [CORE/cake/libs/controller/controller.php, line 511]
2007-10-23 22:32:29 Warning: Warning (2): Wrong parameter count for explode() in [CORE/simpleflan/app_controller.php, line 120]
2007-10-23 22:32:30 Warning: Warning (512): <span style = "color:Red;text-align:left"><b>SQL Error:</b> 1064: You have an error in your SQL syntax; check the manual that corresponds to your MySQL server version for the right syntax to use near 'paginate' at line 1</span> in [CORE/cake/libs/model/datasources/dbo_source.php, line 463]
2007-10-23 22:32:30 Warning: Warning (2): session_start() [<a href='http://php.net/function.session-start'>function.session-start</a>]: Cannot send session cookie - headers already sent by (output started at /webroot/cake/cake/basics.php:747) in [CORE/cake/libs/session.php, line 154]
2007-10-23 22:32:30 Warning: Warning (2): session_start() [<a href='http://php.net/function.session-start'>function.session-start</a>]: Cannot send session cache limiter - headers already sent (output started at /webroot/cake/cake/basics.php:747) in [CORE/cake/libs/session.php, line 154]
2007-10-23 22:32:30 Warning: Warning (2): Cannot modify header information - headers already sent by (output started at /webroot/cake/cake/basics.php:747) in [CORE/cake/libs/session.php, line 155]
2007-10-23 22:32:30 Warning: Warning (2): Wrong parameter count for explode() in [CORE/simpleflan/app_controller.php, line 120]
2007-10-23 22:32:30 Warning: Warning (512): <span style = "color:Red;text-align:left"><b>SQL Error:</b> 1064: You have an error in your SQL syntax; check the manual that corresponds to your MySQL server version for the right syntax to use near 'paginate' at line 1</span> in [CORE/cake/libs/model/datasources/dbo_source.php, line 463]
2007-10-23 22:32:30 Warning: Warning (2): session_start() [<a href='http://php.net/function.session-start'>function.session-start</a>]: Cannot send session cookie - headers already sent by (output started at /webroot/cake/cake/basics.php:747) in [CORE/cake/libs/session.php, line 154]
2007-10-23 22:32:30 Warning: Warning (2): session_start() [<a href='http://php.net/function.session-start'>function.session-start</a>]: Cannot send session cache limiter - headers already sent (output started at /webroot/cake/cake/basics.php:747) in [CORE/cake/libs/session.php, line 154]
2007-10-23 22:32:30 Warning: Warning (2): Cannot modify header information - headers already sent by (output started at /webroot/cake/cake/basics.php:747) in [CORE/cake/libs/session.php, line 155]
2007-10-23 22:32:52 Warning: Warning (2): Wrong parameter count for explode() in [CORE/simpleflan/app_controller.php, line 120]
2007-10-23 22:32:52 Warning: Warning (512): <span style = "color:Red;text-align:left"><b>SQL Error:</b> 1064: You have an error in your SQL syntax; check the manual that corresponds to your MySQL server version for the right syntax to use near 'paginate' at line 1</span> in [CORE/cake/libs/model/datasources/dbo_source.php, line 463]
2007-10-23 22:32:52 Warning: Warning (2): session_start() [<a href='http://php.net/function.session-start'>function.session-start</a>]: Cannot send session cookie - headers already sent by (output started at /webroot/cake/cake/basics.php:747) in [CORE/cake/libs/session.php, line 154]
2007-10-23 22:32:52 Warning: Warning (2): session_start() [<a href='http://php.net/function.session-start'>function.session-start</a>]: Cannot send session cache limiter - headers already sent (output started at /webroot/cake/cake/basics.php:747) in [CORE/cake/libs/session.php, line 154]
2007-10-23 22:32:52 Warning: Warning (2): Cannot modify header information - headers already sent by (output started at /webroot/cake/cake/basics.php:747) in [CORE/cake/libs/session.php, line 155]
2007-10-23 22:33:12 Warning: Warning (512): <span style = "color:Red;text-align:left"><b>SQL Error:</b> 1064: You have an error in your SQL syntax; check the manual that corresponds to your MySQL server version for the right syntax to use near 'paginate' at line 1</span> in [CORE/cake/libs/model/datasources/dbo_source.php, line 463]
2007-10-23 22:33:12 Warning: Warning (2): session_start() [<a href='http://php.net/function.session-start'>function.session-start</a>]: Cannot send session cookie - headers already sent by (output started at /webroot/cake/cake/basics.php:893) in [CORE/cake/libs/session.php, line 154]
2007-10-23 22:33:12 Warning: Warning (2): session_start() [<a href='http://php.net/function.session-start'>function.session-start</a>]: Cannot send session cache limiter - headers already sent (output started at /webroot/cake/cake/basics.php:893) in [CORE/cake/libs/session.php, line 154]
2007-10-23 22:33:12 Warning: Warning (2): Cannot modify header information - headers already sent by (output started at /webroot/cake/cake/basics.php:893) in [CORE/cake/libs/session.php, line 155]
2007-10-23 22:33:34 Warning: Warning (512): <span style = "color:Red;text-align:left"><b>SQL Error:</b> 1054: Unknown column 'Project.uno' in 'field list'</span> in [CORE/cake/libs/model/datasources/dbo_source.php, line 463]
2007-10-23 22:33:34 Warning: Warning (2): session_start() [<a href='http://php.net/function.session-start'>function.session-start</a>]: Cannot send session cookie - headers already sent by (output started at /webroot/cake/cake/basics.php:893) in [CORE/cake/libs/session.php, line 154]
2007-10-23 22:33:34 Warning: Warning (2): session_start() [<a href='http://php.net/function.session-start'>function.session-start</a>]: Cannot send session cache limiter - headers already sent (output started at /webroot/cake/cake/basics.php:893) in [CORE/cake/libs/session.php, line 154]
2007-10-23 22:33:34 Warning: Warning (2): Cannot modify header information - headers already sent by (output started at /webroot/cake/cake/basics.php:893) in [CORE/cake/libs/session.php, line 155]
2007-10-23 22:33:47 Warning: Warning (2): session_start() [<a href='http://php.net/function.session-start'>function.session-start</a>]: Cannot send session cookie - headers already sent by (output started at /webroot/cake/cake/basics.php:747) in [CORE/cake/libs/session.php, line 154]
2007-10-23 22:33:47 Warning: Warning (2): session_start() [<a href='http://php.net/function.session-start'>function.session-start</a>]: Cannot send session cache limiter - headers already sent (output started at /webroot/cake/cake/basics.php:747) in [CORE/cake/libs/session.php, line 154]
2007-10-23 22:33:47 Warning: Warning (2): Cannot modify header information - headers already sent by (output started at /webroot/cake/cake/basics.php:747) in [CORE/cake/libs/session.php, line 155]
2007-10-23 22:33:47 Warning: Warning (2): session_start() [<a href='http://php.net/function.session-start'>function.session-start</a>]: Cannot send session cookie - headers already sent by (output started at /webroot/cake/cake/basics.php:747) in [CORE/cake/libs/session.php, line 154]
2007-10-23 22:33:47 Warning: Warning (2): session_start() [<a href='http://php.net/function.session-start'>function.session-start</a>]: Cannot send session cache limiter - headers already sent (output started at /webroot/cake/cake/basics.php:747) in [CORE/cake/libs/session.php, line 154]
2007-10-23 22:33:47 Warning: Warning (2): Cannot modify header information - headers already sent by (output started at /webroot/cake/cake/basics.php:747) in [CORE/cake/libs/session.php, line 155]
2007-10-23 22:34:01 Warning: Warning (2): session_start() [<a href='http://php.net/function.session-start'>function.session-start</a>]: Cannot send session cookie - headers already sent by (output started at /webroot/cake/cake/basics.php:747) in [CORE/cake/libs/session.php, line 154]
2007-10-23 22:34:01 Warning: Warning (2): session_start() [<a href='http://php.net/function.session-start'>function.session-start</a>]: Cannot send session cache limiter - headers already sent (output started at /webroot/cake/cake/basics.php:747) in [CORE/cake/libs/session.php, line 154]
2007-10-23 22:34:01 Warning: Warning (2): Cannot modify header information - headers already sent by (output started at /webroot/cake/cake/basics.php:747) in [CORE/cake/libs/session.php, line 155]
2007-10-23 22:34:01 Warning: Warning (2): session_start() [<a href='http://php.net/function.session-start'>function.session-start</a>]: Cannot send session cookie - headers already sent by (output started at /webroot/cake/cake/basics.php:747) in [CORE/cake/libs/session.php, line 154]
2007-10-23 22:34:01 Warning: Warning (2): session_start() [<a href='http://php.net/function.session-start'>function.session-start</a>]: Cannot send session cache limiter - headers already sent (output started at /webroot/cake/cake/basics.php:747) in [CORE/cake/libs/session.php, line 154]
2007-10-23 22:34:01 Warning: Warning (2): Cannot modify header information - headers already sent by (output started at /webroot/cake/cake/basics.php:747) in [CORE/cake/libs/session.php, line 155]
2007-10-23 22:34:12 Warning: Warning (2): session_start() [<a href='http://php.net/function.session-start'>function.session-start</a>]: Cannot send session cookie - headers already sent by (output started at /webroot/cake/cake/basics.php:747) in [CORE/cake/libs/session.php, line 154]
2007-10-23 22:34:12 Warning: Warning (2): session_start() [<a href='http://php.net/function.session-start'>function.session-start</a>]: Cannot send session cache limiter - headers already sent (output started at /webroot/cake/cake/basics.php:747) in [CORE/cake/libs/session.php, line 154]
2007-10-23 22:34:12 Warning: Warning (2): Cannot modify header information - headers already sent by (output started at /webroot/cake/cake/basics.php:747) in [CORE/cake/libs/session.php, line 155]
2007-10-23 22:34:13 Warning: Warning (2): session_start() [<a href='http://php.net/function.session-start'>function.session-start</a>]: Cannot send session cookie - headers already sent by (output started at /webroot/cake/cake/basics.php:747) in [CORE/cake/libs/session.php, line 154]
2007-10-23 22:34:13 Warning: Warning (2): session_start() [<a href='http://php.net/function.session-start'>function.session-start</a>]: Cannot send session cache limiter - headers already sent (output started at /webroot/cake/cake/basics.php:747) in [CORE/cake/libs/session.php, line 154]
2007-10-23 22:34:13 Warning: Warning (2): Cannot modify header information - headers already sent by (output started at /webroot/cake/cake/basics.php:747) in [CORE/cake/libs/session.php, line 155]
2007-10-23 22:34:26 Warning: Warning (2): session_start() [<a href='http://php.net/function.session-start'>function.session-start</a>]: Cannot send session cookie - headers already sent by (output started at /webroot/cake/cake/basics.php:747) in [CORE/cake/libs/session.php, line 154]
2007-10-23 22:34:26 Warning: Warning (2): session_start() [<a href='http://php.net/function.session-start'>function.session-start</a>]: Cannot send session cache limiter - headers already sent (output started at /webroot/cake/cake/basics.php:747) in [CORE/cake/libs/session.php, line 154]
2007-10-23 22:34:26 Warning: Warning (2): Cannot modify header information - headers already sent by (output started at /webroot/cake/cake/basics.php:747) in [CORE/cake/libs/session.php, line 155]
2007-10-23 22:34:26 Warning: Warning (2): session_start() [<a href='http://php.net/function.session-start'>function.session-start</a>]: Cannot send session cookie - headers already sent by (output started at /webroot/cake/cake/basics.php:747) in [CORE/cake/libs/session.php, line 154]
2007-10-23 22:34:26 Warning: Warning (2): session_start() [<a href='http://php.net/function.session-start'>function.session-start</a>]: Cannot send session cache limiter - headers already sent (output started at /webroot/cake/cake/basics.php:747) in [CORE/cake/libs/session.php, line 154]
2007-10-23 22:34:26 Warning: Warning (2): Cannot modify header information - headers already sent by (output started at /webroot/cake/cake/basics.php:747) in [CORE/cake/libs/session.php, line 155]
2007-10-23 22:34:42 Warning: Warning (2): session_start() [<a href='http://php.net/function.session-start'>function.session-start</a>]: Cannot send session cookie - headers already sent by (output started at /webroot/cake/cake/basics.php:747) in [CORE/cake/libs/session.php, line 154]
2007-10-23 22:34:42 Warning: Warning (2): session_start() [<a href='http://php.net/function.session-start'>function.session-start</a>]: Cannot send session cache limiter - headers already sent (output started at /webroot/cake/cake/basics.php:747) in [CORE/cake/libs/session.php, line 154]
2007-10-23 22:34:42 Warning: Warning (2): Cannot modify header information - headers already sent by (output started at /webroot/cake/cake/basics.php:747) in [CORE/cake/libs/session.php, line 155]
2007-10-23 22:34:42 Warning: Warning (2): session_start() [<a href='http://php.net/function.session-start'>function.session-start</a>]: Cannot send session cookie - headers already sent by (output started at /webroot/cake/cake/basics.php:747) in [CORE/cake/libs/session.php, line 154]
2007-10-23 22:34:42 Warning: Warning (2): session_start() [<a href='http://php.net/function.session-start'>function.session-start</a>]: Cannot send session cache limiter - headers already sent (output started at /webroot/cake/cake/basics.php:747) in [CORE/cake/libs/session.php, line 154]
2007-10-23 22:34:42 Warning: Warning (2): Cannot modify header information - headers already sent by (output started at /webroot/cake/cake/basics.php:747) in [CORE/cake/libs/session.php, line 155]
2007-10-23 22:35:42 Warning: Warning (512): <span style = "color:Red;text-align:left"><b>SQL Error:</b> 1054: Unknown column 'modified.created' in 'order clause'</span> in [CORE/cake/libs/model/datasources/dbo_source.php, line 463]
2007-10-23 22:35:42 Warning: Warning (2): session_start() [<a href='http://php.net/function.session-start'>function.session-start</a>]: Cannot send session cookie - headers already sent by (output started at /webroot/cake/cake/basics.php:893) in [CORE/cake/libs/session.php, line 154]
2007-10-23 22:35:42 Warning: Warning (2): session_start() [<a href='http://php.net/function.session-start'>function.session-start</a>]: Cannot send session cache limiter - headers already sent (output started at /webroot/cake/cake/basics.php:893) in [CORE/cake/libs/session.php, line 154]
2007-10-23 22:35:42 Warning: Warning (2): Cannot modify header information - headers already sent by (output started at /webroot/cake/cake/basics.php:893) in [CORE/cake/libs/session.php, line 155]
2007-10-23 22:35:42 Warning: Warning (512): <span style = "color:Red;text-align:left"><b>SQL Error:</b> 1054: Unknown column 'modified.created' in 'order clause'</span> in [CORE/cake/libs/model/datasources/dbo_source.php, line 463]
2007-10-23 22:35:42 Warning: Warning (2): session_start() [<a href='http://php.net/function.session-start'>function.session-start</a>]: Cannot send session cookie - headers already sent by (output started at /webroot/cake/cake/basics.php:893) in [CORE/cake/libs/session.php, line 154]
2007-10-23 22:35:42 Warning: Warning (2): session_start() [<a href='http://php.net/function.session-start'>function.session-start</a>]: Cannot send session cache limiter - headers already sent (output started at /webroot/cake/cake/basics.php:893) in [CORE/cake/libs/session.php, line 154]
2007-10-23 22:35:42 Warning: Warning (2): Cannot modify header information - headers already sent by (output started at /webroot/cake/cake/basics.php:893) in [CORE/cake/libs/session.php, line 155]
2007-10-23 22:36:08 Warning: Warning (2): session_start() [<a href='http://php.net/function.session-start'>function.session-start</a>]: Cannot send session cookie - headers already sent by (output started at /webroot/cake/cake/basics.php:747) in [CORE/cake/libs/session.php, line 154]
2007-10-23 22:36:08 Warning: Warning (2): session_start() [<a href='http://php.net/function.session-start'>function.session-start</a>]: Cannot send session cache limiter - headers already sent (output started at /webroot/cake/cake/basics.php:747) in [CORE/cake/libs/session.php, line 154]
2007-10-23 22:36:08 Warning: Warning (2): Cannot modify header information - headers already sent by (output started at /webroot/cake/cake/basics.php:747) in [CORE/cake/libs/session.php, line 155]
2007-10-23 22:36:09 Warning: Warning (2): session_start() [<a href='http://php.net/function.session-start'>function.session-start</a>]: Cannot send session cookie - headers already sent by (output started at /webroot/cake/cake/basics.php:747) in [CORE/cake/libs/session.php, line 154]
2007-10-23 22:36:09 Warning: Warning (2): session_start() [<a href='http://php.net/function.session-start'>function.session-start</a>]: Cannot send session cache limiter - headers already sent (output started at /webroot/cake/cake/basics.php:747) in [CORE/cake/libs/session.php, line 154]
2007-10-23 22:36:09 Warning: Warning (2): Cannot modify header information - headers already sent by (output started at /webroot/cake/cake/basics.php:747) in [CORE/cake/libs/session.php, line 155]
2007-10-23 22:36:22 Warning: Warning (2): session_start() [<a href='http://php.net/function.session-start'>function.session-start</a>]: Cannot send session cookie - headers already sent by (output started at /webroot/cake/cake/basics.php:747) in [CORE/cake/libs/session.php, line 154]
2007-10-23 22:36:22 Warning: Warning (2): session_start() [<a href='http://php.net/function.session-start'>function.session-start</a>]: Cannot send session cache limiter - headers already sent (output started at /webroot/cake/cake/basics.php:747) in [CORE/cake/libs/session.php, line 154]
2007-10-23 22:36:22 Warning: Warning (2): Cannot modify header information - headers already sent by (output started at /webroot/cake/cake/basics.php:747) in [CORE/cake/libs/session.php, line 155]
2007-10-23 22:36:22 Warning: Warning (2): session_start() [<a href='http://php.net/function.session-start'>function.session-start</a>]: Cannot send session cookie - headers already sent by (output started at /webroot/cake/cake/basics.php:747) in [CORE/cake/libs/session.php, line 154]
2007-10-23 22:36:22 Warning: Warning (2): session_start() [<a href='http://php.net/function.session-start'>function.session-start</a>]: Cannot send session cache limiter - headers already sent (output started at /webroot/cake/cake/basics.php:747) in [CORE/cake/libs/session.php, line 154]
2007-10-23 22:36:22 Warning: Warning (2): Cannot modify header information - headers already sent by (output started at /webroot/cake/cake/basics.php:747) in [CORE/cake/libs/session.php, line 155]
2007-10-23 22:36:32 Warning: Warning (2): session_start() [<a href='http://php.net/function.session-start'>function.session-start</a>]: Cannot send session cookie - headers already sent by (output started at /webroot/cake/cake/basics.php:747) in [CORE/cake/libs/session.php, line 154]
2007-10-23 22:36:32 Warning: Warning (2): session_start() [<a href='http://php.net/function.session-start'>function.session-start</a>]: Cannot send session cache limiter - headers already sent (output started at /webroot/cake/cake/basics.php:747) in [CORE/cake/libs/session.php, line 154]
2007-10-23 22:36:32 Warning: Warning (2): Cannot modify header information - headers already sent by (output started at /webroot/cake/cake/basics.php:747) in [CORE/cake/libs/session.php, line 155]
2007-10-23 22:36:32 Warning: Warning (2): session_start() [<a href='http://php.net/function.session-start'>function.session-start</a>]: Cannot send session cookie - headers already sent by (output started at /webroot/cake/cake/basics.php:747) in [CORE/cake/libs/session.php, line 154]
2007-10-23 22:36:32 Warning: Warning (2): session_start() [<a href='http://php.net/function.session-start'>function.session-start</a>]: Cannot send session cache limiter - headers already sent (output started at /webroot/cake/cake/basics.php:747) in [CORE/cake/libs/session.php, line 154]
2007-10-23 22:36:32 Warning: Warning (2): Cannot modify header information - headers already sent by (output started at /webroot/cake/cake/basics.php:747) in [CORE/cake/libs/session.php, line 155]
2007-10-24 00:11:13 Warning: Warning (512): <span style = "color:Red;text-align:left"><b>SQL Error:</b> 1064: You have an error in your SQL syntax; check the manual that corresponds to your MySQL server version for the right syntax to use near 'created` desc  LIMIT 1' at line 1</span> in [CORE/cake/libs/model/datasources/dbo_source.php, line 463]
2007-10-24 23:32:29 Warning: Warning (2): session_start() [<a href='http://php.net/function.session-start'>function.session-start</a>]: Cannot send session cookie - headers already sent by (output started at /webroot/cake/cake/basics.php:747) in [CORE/cake/libs/session.php, line 154]
2007-10-24 23:32:29 Warning: Warning (2): session_start() [<a href='http://php.net/function.session-start'>function.session-start</a>]: Cannot send session cache limiter - headers already sent (output started at /webroot/cake/cake/basics.php:747) in [CORE/cake/libs/session.php, line 154]
2007-10-24 23:32:29 Warning: Warning (2): Cannot modify header information - headers already sent by (output started at /webroot/cake/cake/basics.php:747) in [CORE/cake/libs/session.php, line 155]
2007-10-24 23:32:29 Warning: Warning (2): session_start() [<a href='http://php.net/function.session-start'>function.session-start</a>]: Cannot send session cookie - headers already sent by (output started at /webroot/cake/cake/basics.php:747) in [CORE/cake/libs/session.php, line 154]
2007-10-24 23:32:29 Warning: Warning (2): session_start() [<a href='http://php.net/function.session-start'>function.session-start</a>]: Cannot send session cache limiter - headers already sent (output started at /webroot/cake/cake/basics.php:747) in [CORE/cake/libs/session.php, line 154]
2007-10-24 23:32:29 Warning: Warning (2): Cannot modify header information - headers already sent by (output started at /webroot/cake/cake/basics.php:747) in [CORE/cake/libs/session.php, line 155]
2007-10-24 23:49:15 Warning: Warning (2): Invalid argument supplied for foreach() in [CORE/simpleflan/views/themes/admin_index.ctp, line 2]
2007-10-24 23:49:34 Warning: Warning (2): Invalid argument supplied for foreach() in [CORE/simpleflan/views/themes/admin_index.ctp, line 2]
2007-10-24 23:49:45 Warning: Warning (2): Invalid argument supplied for foreach() in [CORE/simpleflan/views/themes/admin_index.ctp, line 2]
2007-10-25 02:41:08 Warning: Warning (2): htmlentities() [<a href='http://php.net/function.htmlentities'>function.htmlentities</a>]: charset `false' not supported, assuming iso-8859-1 in [CORE/cake/libs/view/helpers/html.php, line 270]
2007-10-25 02:45:27 Warning: Warning (2): Invalid argument supplied for foreach() in [CORE/simpleflan/views/themes/admin_index.ctp, line 3]
2007-10-25 03:23:41 Warning: Warning (2): Cannot modify header information - headers already sent by (output started at /webroot/cake/cake/basics.php:747) in [CORE/cake/libs/controller/controller.php, line 511]
2007-10-25 03:24:22 Warning: Warning (2): Cannot modify header information - headers already sent by (output started at /webroot/cake/cake/basics.php:747) in [CORE/cake/libs/controller/controller.php, line 511]
2007-10-25 03:46:26 Warning: Warning (2): Cannot modify header information - headers already sent by (output started at /webroot/cake/cake/basics.php:747) in [CORE/cake/libs/controller/controller.php, line 511]
2007-10-25 03:46:34 Warning: Warning (2): Cannot modify header information - headers already sent by (output started at /webroot/cake/cake/basics.php:1259) in [CORE/cake/libs/controller/controller.php, line 511]
2007-10-25 15:25:24 Warning: Warning (2): Cannot modify header information - headers already sent by (output started at /webroot/cake/cake/basics.php:747) in [CORE/cake/libs/controller/controller.php, line 511]
2007-10-29 23:48:48 Warning: Warning (2): Invalid argument supplied for foreach() in [CORE/simpleflan/views/themed/napolitan/pages/home.ctp, line 6]
2007-10-29 23:51:38 Warning: Warning (2): Invalid argument supplied for foreach() in [CORE/simpleflan/views/themed/napolitan/pages/home.ctp, line 8]
